# JRE version: OpenJDK Runtime Environment (8.0_152-b01) (build 1.8.0_152-release-1024-b01)
# Java VM: OpenJDK 64-Bit Server VM (25.152-b01 mixed mode linux-amd64 compressed oops)
Heap:
 PSYoungGen      total 281600K, used 22005K [0x00000000e0000000, 0x00000000f2900000, 0x0000000100000000)
  eden space 259584K, 0% used [0x00000000e0000000,0x00000000e0000000,0x00000000efd80000)
  from space 22016K, 99% used [0x00000000efd80000,0x00000000f12fd738,0x00000000f1300000)
  to   space 16384K, 0% used [0x00000000f1300000,0x00000000f1300000,0x00000000f2300000)
 ParOldGen       total 101888K, used 31444K [0x00000000a0000000, 0x00000000a6380000, 0x00000000e0000000)
  object space 101888K, 30% used [0x00000000a0000000,0x00000000a1eb5128,0x00000000a6380000)
 Metaspace       used 56591K, capacity 58831K, committed 58968K, reserved 1099776K
  class space    used 7842K, capacity 8471K, committed 8576K, reserved 1048576K
GC Heap History (10 events):
Event: 5.419 GC heap after
Heap after GC invocations=6 (full 1):
 PSYoungGen      total 104960K, used 7657K [0x00000000e0000000, 0x00000000eb980000, 0x0000000100000000)
  eden space 97280K, 0% used [0x00000000e0000000,0x00000000e0000000,0x00000000e5f00000)
  from space 7680K, 99% used [0x00000000e5f00000,0x00000000e667a498,0x00000000e6680000)
  to   space 12288K, 0% used [0x00000000ead80000,0x00000000ead80000,0x00000000eb980000)
 ParOldGen       total 72192K, used 8924K [0x00000000a0000000, 0x00000000a4680000, 0x00000000e0000000)
  object space 72192K, 12% used [0x00000000a0000000,0x00000000a08b7330,0x00000000a4680000)
 Metaspace       used 27941K, capacity 28430K, committed 28800K, reserved 1073152K
  class space    used 3920K, capacity 4116K, committed 4224K, reserved 1048576K
}
Event: 7.688 GC heap before
{Heap before GC invocations=7 (full 1):
 PSYoungGen      total 104960K, used 76260K [0x00000000e0000000, 0x00000000eb980000, 0x0000000100000000)
  eden space 97280K, 70% used [0x00000000e0000000,0x00000000e42feda8,0x00000000e5f00000)
  from space 7680K, 99% used [0x00000000e5f00000,0x00000000e667a498,0x00000000e6680000)
  to   space 12288K, 0% used [0x00000000ead80000,0x00000000ead80000,0x00000000eb980000)
 ParOldGen       total 72192K, used 8924K [0x00000000a0000000, 0x00000000a4680000, 0x00000000e0000000)
  object space 72192K, 12% used [0x00000000a0000000,0x00000000a08b7330,0x00000000a4680000)
 Metaspace       used 34435K, capacity 35149K, committed 35416K, reserved 1079296K
  class space    used 4746K, capacity 4992K, committed 4992K, reserved 1048576K
Event: 7.709 GC heap after
Heap after GC invocations=7 (full 1):
 PSYoungGen      total 172544K, used 11833K [0x00000000e0000000, 0x00000000eb980000, 0x0000000100000000)
  eden space 160256K, 0% used [0x00000000e0000000,0x00000000e0000000,0x00000000e9c80000)
  from space 12288K, 96% used [0x00000000ead80000,0x00000000eb90e4a0,0x00000000eb980000)
  to   space 13824K, 0% used [0x00000000e9e80000,0x00000000e9e80000,0x00000000eac00000)
 ParOldGen       total 72192K, used 8932K [0x00000000a0000000, 0x00000000a4680000, 0x00000000e0000000)
  object space 72192K, 12% used [0x00000000a0000000,0x00000000a08b9330,0x00000000a4680000)
 Metaspace       used 34435K, capacity 35149K, committed 35416K, reserved 1079296K
  class space    used 4746K, capacity 4992K, committed 4992K, reserved 1048576K
}
Event: 7.709 GC heap before
{Heap before GC invocations=8 (full 2):
 PSYoungGen      total 172544K, used 11833K [0x00000000e0000000, 0x00000000eb980000, 0x0000000100000000)
  eden space 160256K, 0% used [0x00000000e0000000,0x00000000e0000000,0x00000000e9c80000)
  from space 12288K, 96% used [0x00000000ead80000,0x00000000eb90e4a0,0x00000000eb980000)
  to   space 13824K, 0% used [0x00000000e9e80000,0x00000000e9e80000,0x00000000eac00000)
 ParOldGen       total 72192K, used 8932K [0x00000000a0000000, 0x00000000a4680000, 0x00000000e0000000)
  object space 72192K, 12% used [0x00000000a0000000,0x00000000a08b9330,0x00000000a4680000)
 Metaspace       used 34435K, capacity 35149K, committed 35416K, reserved 1079296K
  class space    used 4746K, capacity 4992K, committed 4992K, reserved 1048576K
Event: 7.768 GC heap after
Heap after GC invocations=8 (full 2):
 PSYoungGen      total 172544K, used 0K [0x00000000e0000000, 0x00000000eb980000, 0x0000000100000000)
  eden space 160256K, 0% used [0x00000000e0000000,0x00000000e0000000,0x00000000e9c80000)
  from space 12288K, 0% used [0x00000000ead80000,0x00000000ead80000,0x00000000eb980000)
  to   space 13824K, 0% used [0x00000000e9e80000,0x00000000e9e80000,0x00000000eac00000)
 ParOldGen       total 101888K, used 18307K [0x00000000a0000000, 0x00000000a6380000, 0x00000000e0000000)
  object space 101888K, 17% used [0x00000000a0000000,0x00000000a11e0d38,0x00000000a6380000)
 Metaspace       used 34435K, capacity 35149K, committed 35416K, reserved 1079296K
  class space    used 4746K, capacity 4992K, committed 4992K, reserved 1048576K
}
Event: 10.516 GC heap before
{Heap before GC invocations=9 (full 2):
 PSYoungGen      total 172544K, used 160256K [0x00000000e0000000, 0x00000000eb980000, 0x0000000100000000)
  eden space 160256K, 100% used [0x00000000e0000000,0x00000000e9c80000,0x00000000e9c80000)
  from space 12288K, 0% used [0x00000000ead80000,0x00000000ead80000,0x00000000eb980000)
  to   space 13824K, 0% used [0x00000000e9e80000,0x00000000e9e80000,0x00000000eac00000)
 ParOldGen       total 101888K, used 18307K [0x00000000a0000000, 0x00000000a6380000, 0x00000000e0000000)
  object space 101888K, 17% used [0x00000000a0000000,0x00000000a11e0d38,0x00000000a6380000)
 Metaspace       used 45939K, capacity 46991K, committed 47320K, reserved 1089536K
  class space    used 6259K, capacity 6599K, committed 6656K, reserved 1048576K
Event: 10.539 GC heap after
Heap after GC invocations=9 (full 2):
 PSYoungGen      total 176128K, used 13795K [0x00000000e0000000, 0x00000000f2300000, 0x0000000100000000)
  eden space 162304K, 0% used [0x00000000e0000000,0x00000000e0000000,0x00000000e9e80000)
  from space 13824K, 99% used [0x00000000e9e80000,0x00000000eabf8e90,0x00000000eac00000)
  to   space 16384K, 0% used [0x00000000f1300000,0x00000000f1300000,0x00000000f2300000)
 ParOldGen       total 101888K, used 19909K [0x00000000a0000000, 0x00000000a6380000, 0x00000000e0000000)
  object space 101888K, 19% used [0x00000000a0000000,0x00000000a1371778,0x00000000a6380000)
 Metaspace       used 45939K, capacity 46991K, committed 47320K, reserved 1089536K
  class space    used 6259K, capacity 6599K, committed 6656K, reserved 1048576K
}
Event: 16.515 GC heap before
{Heap before GC invocations=10 (full 2):
 PSYoungGen      total 176128K, used 176099K [0x00000000e0000000, 0x00000000f2300000, 0x0000000100000000)
  eden space 162304K, 100% used [0x00000000e0000000,0x00000000e9e80000,0x00000000e9e80000)
  from space 13824K, 99% used [0x00000000e9e80000,0x00000000eabf8e90,0x00000000eac00000)
  to   space 16384K, 0% used [0x00000000f1300000,0x00000000f1300000,0x00000000f2300000)
 ParOldGen       total 101888K, used 19909K [0x00000000a0000000, 0x00000000a6380000, 0x00000000e0000000)
  object space 101888K, 19% used [0x00000000a0000000,0x00000000a1371778,0x00000000a6380000)
 Metaspace       used 53774K, capacity 55855K, committed 56024K, reserved 1097728K
  class space    used 7379K, capacity 7916K, committed 7936K, reserved 1048576K
Event: 16.591 GC heap after
Heap after GC invocations=10 (full 2):
 PSYoungGen      total 275968K, used 16381K [0x00000000e0000000, 0x00000000f2900000, 0x0000000100000000)
  eden space 259584K, 0% used [0x00000000e0000000,0x00000000e0000000,0x00000000efd80000)
  from space 16384K, 99% used [0x00000000f1300000,0x00000000f22ff500,0x00000000f2300000)
  to   space 22016K, 0% used [0x00000000efd80000,0x00000000efd80000,0x00000000f1300000)
 ParOldGen       total 101888K, used 27840K [0x00000000a0000000, 0x00000000a6380000, 0x00000000e0000000)
  object space 101888K, 27% used [0x00000000a0000000,0x00000000a1b300e8,0x00000000a6380000)
 Metaspace       used 53774K, capacity 55855K, committed 56024K, reserved 1097728K
  class space    used 7379K, capacity 7916K, committed 7936K, reserved 1048576K
}
Event: 21.074 GC heap before
{Heap before GC invocations=11 (full 2):
 PSYoungGen      total 275968K, used 89665K [0x00000000e0000000, 0x00000000f2900000, 0x0000000100000000)
  eden space 259584K, 28% used [0x00000000e0000000,0x00000000e4791128,0x00000000efd80000)
  from space 16384K, 99% used [0x00000000f1300000,0x00000000f22ff500,0x00000000f2300000)
  to   space 22016K, 0% used [0x00000000efd80000,0x00000000efd80000,0x00000000f1300000)
 ParOldGen       total 101888K, used 27840K [0x00000000a0000000, 0x00000000a6380000, 0x00000000e0000000)
  object space 101888K, 27% used [0x00000000a0000000,0x00000000a1b300e8,0x00000000a6380000)
 Metaspace       used 56591K, capacity 58831K, committed 58968K, reserved 1099776K
  class space    used 7842K, capacity 8471K, committed 8576K, reserved 1048576K

